Audit Success,10/26/2016 10:15:37 AM,Microsoft-Windows-Security-Auditing,4624,Logon,"An account was successfully logged on.
Audit Success,10/26/2016 10:15:37 AM,Microsoft-Windows-Security-Auditing,4624,Logon,"An account was successfully logged on.
Audit Success,10/26/2016 10:15:37 AM,Microsoft-Windows-Security-Auditing,4624,Logon,"An account was successfully logged on.
Audit Success,10/26/2016 10:15:37 AM,Microsoft-Windows-Security-Auditing,4624,Logon,"An account was successfully logged on.
Audit Success,10/26/2016 10:15:33 AM,Microsoft-Windows-Security-Auditing,4624,Logon,"An account was successfully logged on.
Audit Success,10/26/2016 10:15:33 AM,Microsoft-Windows-Security-Auditing,4624,Logon,"An account was successfully logged on.
Audit Success,10/26/2016 10:15:33 AM,Microsoft-Windows-Security-Auditing,4624,Logon,"An account was successfully logged on.
Audit Success,10/26/2016 10:15:33 AM,Microsoft-Windows-Security-Auditing,4624,Logon,"An account was successfully logged on.
Audit Success,10/26/2016 10:15:33 AM,Microsoft-Windows-Security-Auditing,4624,Logon,"An account was successfully logged on.
Audit Success,10/26/2016 10:15:33 AM,Microsoft-Windows-Security-Auditing,4624,Logon,"An account was successfully logged on.
Audit Success,10/26/2016 10:15:37 AM,Microsoft-Windows-Security-Auditing,4634,Logoff,"An account was logged off.
Audit Success,10/26/2016 10:15:37 AM,Microsoft-Windows-Security-Auditing,4634,Logoff,"An account was logged off.
Audit Success,10/26/2016 10:15:37 AM,Microsoft-Windows-Security-Auditing,4634,Logoff,"An account was logged off.
Audit Success,10/26/2016 10:15:37 AM,Microsoft-Windows-Security-Auditing,4634,Logoff,"An account was logged off.
Audit Success,10/26/2016 10:15:33 AM,Microsoft-Windows-Security-Auditing,4634,Logoff,"An account was logged off.
Audit Success,10/26/2016 10:15:33 AM,Microsoft-Windows-Security-Auditing,4634,Logoff,"An account was logged off.
Audit Success,10/26/2016 10:15:33 AM,Microsoft-Windows-Security-Auditing,4634,Logoff,"An account was logged off.
Audit Success,10/26/2016 10:15:33 AM,Microsoft-Windows-Security-Auditing,4634,Logoff,"An account was logged off.
Audit Success,10/26/2016 10:15:33 AM,Microsoft-Windows-Security-Auditing,4634,Logoff,"An account was logged off.
Audit Success,10/26/2016 10:15:33 AM,Microsoft-Windows-Security-Auditing,4634,Logoff,"An account was logged off.
Audit Success,10/26/2016 10:15:37 AM,Microsoft-Windows-Security-Auditing,4648,Logon,"A logon was attempted using explicit credentials.
Audit Success,10/26/2016 10:15:37 AM,Microsoft-Windows-Security-Auditing,4648,Logon,"A logon was attempted using explicit credentials.
Audit Success,10/26/2016 10:15:37 AM,Microsoft-Windows-Security-Auditing,4648,Logon,"A logon was attempted using explicit credentials.
Audit Success,10/26/2016 10:15:33 AM,Microsoft-Windows-Security-Auditing,4648,Logon,"A logon was attempted using explicit credentials.
Audit Success,10/26/2016 10:15:33 AM,Microsoft-Windows-Security-Auditing,4648,Logon,"A logon was attempted using explicit credentials.
Audit Success,10/26/2016 10:15:33 AM,Microsoft-Windows-Security-Auditing,4648,Logon,"A logon was attempted using explicit credentials.
Audit Success,10/26/2016 10:15:33 AM,Microsoft-Windows-Security-Auditing,4648,Logon,"A logon was attempted using explicit credentials.
Audit Success,10/26/2016 10:15:33 AM,Microsoft-Windows-Security-Auditing,4648,Logon,"A logon was attempted using explicit credentials.
Audit Success,10/26/2016 10:15:33 AM,Microsoft-Windows-Security-Auditing,4648,Logon,"A logon was attempted using explicit credentials.
Audit Success,10/26/2016 10:15:32 AM,Microsoft-Windows-Security-Auditing,4648,Logon,"A logon was attempted using explicit credentials.
Audit Failure,10/26/2016 9:33:19 AM,Microsoft-Windows-Security-Auditing,4625,Logon,"An account failed to log on.
Audit Failure,10/26/2016 9:32:39 AM,Microsoft-Windows-Security-Auditing,4625,Logon,"An account failed to log on.
Audit Failure,10/26/2016 8:57:49 AM,Microsoft-Windows-Security-Auditing,4625,Logon,"An account failed to log on.
Audit Failure,10/26/2016 7:30:31 AM,Microsoft-Windows-Security-Auditing,4625,Logon,"An account failed to log on.
Audit Failure,10/26/2016 6:17:11 AM,Microsoft-Windows-Security-Auditing,4625,Logon,"An account failed to log on.
Audit Failure,10/26/2016 6:17:02 AM,Microsoft-Windows-Security-Auditing,4625,Logon,"An account failed to log on.
